#
# There is insufficient memory for the Java Runtime Environment to continue.
# Native memory allocation (mmap) failed to map 132120576 bytes for Failed to commit area from 0x0000000082200000 to 0x000000008a000000 of length 132120576.
# Possible reasons:
#   The system is out of physical RAM or swap space
#   The process is running with CompressedOops enabled, and the Java Heap may be blocking the growth of the native heap
# Possible solutions:
#   Reduce memory load on the system
#   Increase physical memory or swap space
#   Check if swap backing store is full
#   Decrease Java heap size (-Xmx/-Xms)
#   Decrease number of Java threads
#   Decrease Java thread stack sizes (-Xss)
#   Set larger code cache with -XX:ReservedCodeCacheSize=
# This output file may be truncated or incomplete.
#
#  Out of Memory Error (./src/hotspot/os/windows/os_windows.cpp:3303), pid=24184, tid=25448
#
# JRE version:  (11.0.7+10) (build )
# Java VM: OpenJDK 64-Bit Server VM (11.0.7+10, mixed mode, sharing, tiered, compressed oops, g1 gc, windows-amd64)
# No core dump will be written. Minidumps are not enabled by default on client versions of Windows
#

---------------  S U M M A R Y ------------

Command Line: -Dfile.encoding=UTF-8 --module-path=D:\dev\eclipse-workspace2\EBPro\bin -Djdk.module.main=EBPro EBPro/co.jp.chapter02.JavaHomeWork02

Host: Intel(R) Core(TM) i5-6200U CPU @ 2.30GHz, 4 cores, 7G,  Windows 10 , 64 bit Build 18362 (10.0.18362.329)
Time: Wed Aug 19 21:08:07 2020 ????¡À¨º¡Á?¨º¡À?? elapsed time: 0 seconds (0d 0h 0m 0s)

---------------  T H R E A D  ---------------

Current thread (0x000002530ab28000):  JavaThread "Unknown thread" [_thread_in_vm, id=25448, stack(0x000000629a300000,0x000000629a400000)]

Stack: [0x000000629a300000,0x000000629a400000]
Native frames: (J=compiled Java code, j=interpreted, Vv=VM code, C=native code)
V  [jvm.dll+0x5dec5a]
V  [jvm.dll+0x71671e]
V  [jvm.dll+0x717def]
V  [jvm.dll+0x7184b3]
V  [jvm.dll+0x2409b8]
V  [jvm.dll+0x5dbf1a]
V  [jvm.dll+0x5d0c05]
V  [jvm.dll+0x2f614c]
V  [jvm.dll+0x2f5fd2]
V  [jvm.dll+0x2fac86]
V  [jvm.dll+0x33eb4f]
V  [jvm.dll+0x33e580]
V  [jvm.dll+0x2d3518]
V  [jvm.dll+0x2d4666]
V  [jvm.dll+0x6f2437]
V  [jvm.dll+0x6f3bbf]
V  [jvm.dll+0x34b8d9]
V  [jvm.dll+0x6d5aa0]
V  [jvm.dll+0x3b2c8f]
V  [jvm.dll+0x3b4f41]
C  [jli.dll+0x51fb]
C  [ucrtbase.dll+0x20e72]
C  [KERNEL32.DLL+0x17bd4]
C  [ntdll.dll+0x6ced1]


---------------  P R O C E S S  ---------------

Threads class SMR info:
_java_thread_list=0x000002530aa243e0, length=0, elements={
}

Java Threads: ( => current thread )

Other Threads:
  0x000002530ab40800 GCTaskThread "GC Thread#0" [stack: 0x000000629a400000,0x000000629a500000] [id=4824]
  0x000002530ab74000 ConcurrentGCThread "G1 Main Marker" [stack: 0x000000629a500000,0x000000629a600000] [id=22712]
  0x000002530ab76000 ConcurrentGCThread "G1 Conc#0" [stack: 0x000000629a600000,0x000000629a700000] [id=24964]

[error occurred during error reporting (printing all threads), id 0xc0000005, EXCEPTION_ACCESS_VIOLATION (0xc0000005) at pc=0x00007ff99b532b67]

VM state:not at safepoint (not fully initialized)

VM Mutex/Monitor currently owned by a thread:  ([mutex/lock_event])
[0x000002530ab26970] Heap_lock - owner thread: 0x000002530ab28000

Heap address: 0x0000000082200000, size: 2014 MB, Compressed Oops mode: Non-zero based: 0x0000000082200000
Narrow klass base: 0x0000000000000000, Narrow klass shift: 0

GC Heap History (0 events):
No events

Deoptimization events (0 events):
No events

Classes redefined (0 events):
No events

Internal exceptions (0 events):
No events

Events (2 events):
Event: 0.042 Loaded shared library D:\dev\pleiades\java\11\bin\zip.dll
Event: 0.046 Loaded shared library D:\dev\pleiades\java\11\bin\jimage.dll


Dynamic libraries:
0x00007ff663060000 - 0x00007ff66306d000 	D:\dev\pleiades\java\11\bin\javaw.exe
0x00007ff9d8aa0000 - 0x00007ff9d8c90000 	C:\WINDOWS\SYSTEM32\ntdll.dll
0x00007ff9d7720000 - 0x00007ff9d77d2000 	C:\WINDOWS\System32\KERNEL32.DLL
0x00007ff9d6430000 - 0x00007ff9d66d3000 	C:\WINDOWS\System32\KERNELBASE.dll
0x00007ff9d5a60000 - 0x00007ff9d5b5a000 	C:\WINDOWS\System32\ucrtbase.dll
0x00007ff9b5ec0000 - 0x00007ff9b5ed5000 	D:\dev\pleiades\java\11\bin\VCRUNTIME140.dll
0x00007ff9b5ee0000 - 0x00007ff9b5ef7000 	D:\dev\pleiades\java\11\bin\jli.dll
0x00007ff9d86e0000 - 0x00007ff9d8874000 	C:\WINDOWS\System32\USER32.dll
0x00007ff9d5a30000 - 0x00007ff9d5a51000 	C:\WINDOWS\System32\win32u.dll
0x00007ff9d7450000 - 0x00007ff9d7476000 	C:\WINDOWS\System32\GDI32.dll
0x00007ff9c86c0000 - 0x00007ff9c8945000 	C:\WINDOWS\WinSxS\amd64_microsoft.windows.common-controls_6595b64144ccf1df_6.0.18362.720_none_e6beb5c51314836b\COMCTL32.dll
0x00007ff9d6700000 - 0x00007ff9d6894000 	C:\WINDOWS\System32\gdi32full.dll
0x00007ff9d6920000 - 0x00007ff9d69be000 	C:\WINDOWS\System32\msvcp_win.dll
0x00007ff9d8280000 - 0x00007ff9d831e000 	C:\WINDOWS\System32\msvcrt.dll
0x00007ff9d8320000 - 0x00007ff9d8656000 	C:\WINDOWS\System32\combase.dll
0x00007ff9d75f0000 - 0x00007ff9d7710000 	C:\WINDOWS\System32\RPCRT4.dll
0x00007ff9d6a20000 - 0x00007ff9d6aa0000 	C:\WINDOWS\System32\bcryptPrimitives.dll
0x00007ff9d75c0000 - 0x00007ff9d75ee000 	C:\WINDOWS\System32\IMM32.DLL
0x00007ff9b5340000 - 0x00007ff9b53db000 	D:\dev\pleiades\java\11\bin\msvcp140.dll
0x00007ff99b250000 - 0x00007ff99bd0c000 	D:\dev\pleiades\java\11\bin\server\jvm.dll
0x00007ff9d6b50000 - 0x00007ff9d6bf3000 	C:\WINDOWS\System32\ADVAPI32.dll
0x00007ff9d88f0000 - 0x00007ff9d8987000 	C:\WINDOWS\System32\sechost.dll
0x00007ff9d7550000 - 0x00007ff9d7558000 	C:\WINDOWS\System32\PSAPI.DLL
0x00007ff9d31b0000 - 0x00007ff9d31d4000 	C:\WINDOWS\SYSTEM32\WINMM.dll
0x00007ff9d44c0000 - 0x00007ff9d44c9000 	C:\WINDOWS\SYSTEM32\WSOCK32.dll
0x00007ff9d7f40000 - 0x00007ff9d7faf000 	C:\WINDOWS\System32\WS2_32.dll
0x00007ff9c71d0000 - 0x00007ff9c71da000 	C:\WINDOWS\SYSTEM32\VERSION.dll
0x00007ff9d3180000 - 0x00007ff9d31ad000 	C:\WINDOWS\SYSTEM32\winmmbase.dll
0x00007ff9d68d0000 - 0x00007ff9d691a000 	C:\WINDOWS\System32\cfgmgr32.dll
0x00007ff9d59c0000 - 0x00007ff9d59d1000 	C:\WINDOWS\System32\kernel.appcore.dll
0x00007ff9d1f00000 - 0x00007ff9d1f10000 	D:\dev\pleiades\java\11\bin\verify.dll
0x00007ff9d42a0000 - 0x00007ff9d4494000 	C:\WINDOWS\SYSTEM32\DBGHELP.DLL
0x00007ff9bf960000 - 0x00007ff9bf98a000 	C:\WINDOWS\SYSTEM32\dbgcore.DLL
0x00007ff9b5a40000 - 0x00007ff9b5a68000 	D:\dev\pleiades\java\11\bin\java.dll
0x00007ff9b5320000 - 0x00007ff9b5336000 	D:\dev\pleiades\java\11\bin\zip.dll
0x00007ff9bd830000 - 0x00007ff9bd83a000 	D:\dev\pleiades\java\11\bin\jimage.dll

dbghelp: loaded successfully - version: 4.0.5 - missing functions: none
symbol engine: initialized successfully - sym options: 0x614 - pdb path: .;D:\dev\pleiades\java\11\bin;C:\WINDOWS\SYSTEM32;C:\WINDOWS\WinSxS\amd64_microsoft.windows.common-controls_6595b64144ccf1df_6.0.18362.720_none_e6beb5c51314836b;D:\dev\pleiades\java\11\bin\server

VM Arguments:
jvm_args: -Dfile.encoding=UTF-8 --module-path=D:\dev\eclipse-workspace2\EBPro\bin -Djdk.module.main=EBPro 
java_command: EBPro/co.jp.chapter02.JavaHomeWork02
java_class_path (initial): <not set>
Launcher Type: SUN_STANDARD

[Global flags]
     intx CICompilerCount                          = 3                                         {product} {ergonomic}
     uint ConcGCThreads                            = 1                                         {product} {ergonomic}
     uint G1ConcRefinementThreads                  = 4                                         {product} {ergonomic}
   size_t G1HeapRegionSize                         = 1048576                                   {product} {ergonomic}
    uintx GCDrainStackTargetSize                   = 64                                        {product} {ergonomic}
   size_t InitialHeapSize                          = 132120576                                 {product} {ergonomic}
   size_t MarkStackSize                            = 4194304                                   {product} {ergonomic}
   size_t MaxHeapSize                              = 2111832064                                {product} {ergonomic}
   size_t MinHeapDeltaBytes                        = 1048576                                   {product} {ergonomic}
    uintx NonNMethodCodeHeapSize                   = 5830732                                {pd product} {ergonomic}
    uintx NonProfiledCodeHeapSize                  = 122913754                              {pd product} {ergonomic}
    uintx ProfiledCodeHeapSize                     = 122913754                              {pd product} {ergonomic}
    uintx ReservedCodeCacheSize                    = 251658240                              {pd product} {ergonomic}
     bool SegmentedCodeCache                       = true                                      {product} {ergonomic}
     bool UseCompressedClassPointers               = true                                 {lp64_product} {ergonomic}
     bool UseCompressedOops                        = true                                 {lp64_product} {ergonomic}
     bool UseG1GC                                  = true                                      {product} {ergonomic}
     bool UseLargePagesIndividualAllocation        = false                                  {pd product} {ergonomic}

Logging:
Log output configuration:
 #0: stdout all=warning uptime,level,tags
 #1: stderr all=off uptime,level,tags

Environment Variables:
PATH=D:/dev/pleiades/eclipse//jre/bin/server;D:/dev/pleiades/eclipse//jre/bin;C:\Program Files (x86)\Common Files\Oracle\Java\javapath;C:\Program Files (x86)\Intel\iCLS Client\;C:\Program Files\Intel\iCLS Client\;C:\WINDOWS\system32;C:\WINDOWS;C:\WINDOWS\System32\Wbem;C:\WINDOWS\System32\WindowsPowerShell\v1.0\;C:\Program Files (x86)\Intel\Intel(R) Management Engine Components\DAL;C:\Program Files\Intel\Intel(R) Management Engine Components\DAL;C:\Program Files (x86)\Intel\Intel(R) Management Engine Components\IPT;C:\Program Files\Intel\Intel(R) Management Engine Components\IPT;C:\WINDOWS\System32\OpenSSH\;C:\Program Files\Intel\WiFi\bin\;C:\Program Files\Common Files\Intel\WirelessCommon\;C:\Program Files\MySQL\MySQL Shell 8.0\bin\;C:\Users\14072\AppData\Local\Microsoft\WindowsApps;;D:\dev\pleiades\eclipse;
USERNAME=14072
OS=Windows_NT
PROCESSOR_IDENTIFIER=Intel64 Family 6 Model 78 Stepping 3, GenuineIntel



---------------  S Y S T E M  ---------------

OS: Windows 10 , 64 bit Build 18362 (10.0.18362.329)
OS uptime: 3 days 11:01 hours

CPU:total 4 (initial active 4) (2 cores per cpu, 2 threads per core) family 6 model 78 stepping 3, cmov, cx8, fxsr, mmx, sse, sse2, sse3, ssse3, sse4.1, sse4.2, popcnt, avx, avx2, aes, clmul, erms, 3dnowpref, lzcnt, ht, tsc, tscinvbit, bmi1, bmi2, adx, fma

Memory: 4k page, system-wide physical 8051M (3007M free)
TotalPageFile size 11123M (AvailPageFile size 57M)
current process WorkingSet (physical memory assigned to process): 9M, peak: 9M
current process commit charge ("private bytes"): 51M, peak: 177M

vm_info: OpenJDK 64-Bit Server VM (11.0.7+10) for windows-amd64 JRE (11.0.7+10), built on Apr 22 2020 11:46:09 by "" with MS VC++ 15.9 (VS2017)

END.
