#
# There is insufficient memory for the Java Runtime Environment to continue.
# Native memory allocation (mmap) failed to map 132120576 bytes for Failed to commit area from 0x0000000082200000 to 0x000000008a000000 of length 132120576.
# Possible reasons:
#   The system is out of physical RAM or swap space
#   The process is running with CompressedOops enabled, and the Java Heap may be blocking the growth of the native heap
# Possible solutions:
#   Reduce memory load on the system
#   Increase physical memory or swap space
#   Check if swap backing store is full
#   Decrease Java heap size (-Xmx/-Xms)
#   Decrease number of Java threads
#   Decrease Java thread stack sizes (-Xss)
#   Set larger code cache with -XX:ReservedCodeCacheSize=
# This output file may be truncated or incomplete.
#
#  Out of Memory Error (./src/hotspot/os/windows/os_windows.cpp:3303), pid=18168, tid=18064
#
# JRE version:  (11.0.7+10) (build )
# Java VM: OpenJDK 64-Bit Server VM (11.0.7+10, mixed mode, sharing, tiered, compressed oops, g1 gc, windows-amd64)
# No core dump will be written. Minidumps are not enabled by default on client versions of Windows
#

---------------  S U M M A R Y ------------

Command Line: -Dfile.encoding=UTF-8 --module-path=D:\dev\eclipse-workspace2\EBPro\bin -Djdk.module.main=EBPro EBPro/co.jp.chapter04.JavaChapter04

Host: Intel(R) Core(TM) i5-6200U CPU @ 2.30GHz, 4 cores, 7G,  Windows 10 , 64 bit Build 18362 (10.0.18362.329)
Time: Wed Sep  2 20:47:53 2020 ????¡À¨º¡Á?¨º¡À?? elapsed time: 0 seconds (0d 0h 0m 0s)

---------------  T H R E A D  ---------------

Current thread (0x00000270c1f48800):  JavaThread "Unknown thread" [_thread_in_vm, id=18064, stack(0x000000ef8d700000,0x000000ef8d800000)]

Stack: [0x000000ef8d700000,0x000000ef8d800000]
Native frames: (J=compiled Java code, j=interpreted, Vv=VM code, C=native code)
V  [jvm.dll+0x5dec5a]
V  [jvm.dll+0x71671e]
V  [jvm.dll+0x717def]
V  [jvm.dll+0x7184b3]
V  [jvm.dll+0x2409b8]
V  [jvm.dll+0x5dbf1a]
V  [jvm.dll+0x5d0c05]
V  [jvm.dll+0x2f614c]
V  [jvm.dll+0x2f5fd2]
V  [jvm.dll+0x2fac86]
V  [jvm.dll+0x33eb4f]
V  [jvm.dll+0x33e580]
V  [jvm.dll+0x2d3518]
V  [jvm.dll+0x2d4666]
V  [jvm.dll+0x6f2437]
V  [jvm.dll+0x6f3bbf]
V  [jvm.dll+0x34b8d9]
V  [jvm.dll+0x6d5aa0]
V  [jvm.dll+0x3b2c8f]
V  [jvm.dll+0x3b4f41]
C  [jli.dll+0x51fb]
C  [ucrtbase.dll+0x20e72]
C  [KERNEL32.DLL+0x17bd4]
C  [ntdll.dll+0x6ced1]


---------------  P R O C E S S  ---------------

Threads class SMR info:
_java_thread_list=0x00000270c1e036e0, length=0, elements={
}

Java Threads: ( => current thread )

Other Threads:
  0x00000270c1f60000 GCTaskThread "GC Thread#0" [stack: 0x000000ef8d800000,0x000000ef8d900000] [id=7904]
  0x00000270c1f94000 ConcurrentGCThread "G1 Main Marker" [stack: 0x000000ef8d900000,0x000000ef8da00000] [id=20104]
  0x00000270c1f99000 ConcurrentGCThread "G1 Conc#0" [stack: 0x000000ef8da00000,0x000000ef8db00000] [id=21508]

[error occurred during error reporting (printing all threads), id 0xc0000005, EXCEPTION_ACCESS_VIOLATION (0xc0000005) at pc=0x00007ffeac712b67]

VM state:not at safepoint (not fully initialized)

VM Mutex/Monitor currently owned by a thread:  ([mutex/lock_event])
[0x00000270c1f454c0] Heap_lock - owner thread: 0x00000270c1f48800

Heap address: 0x0000000082200000, size: 2014 MB, Compressed Oops mode: Non-zero based: 0x0000000082200000
Narrow klass base: 0x0000000000000000, Narrow klass shift: 0

GC Heap History (0 events):
No events

Deoptimization events (0 events):
No events

Classes redefined (0 events):
No events

Internal exceptions (0 events):
No events

Events (2 events):
Event: 0.026 Loaded shared library D:\dev\pleiades\java\11\bin\zip.dll
Event: 0.027 Loaded shared library D:\dev\pleiades\java\11\bin\jimage.dll


Dynamic libraries:
0x00007ff6cdcc0000 - 0x00007ff6cdccd000 	D:\dev\pleiades\java\11\bin\javaw.exe
0x00007ffed0100000 - 0x00007ffed02f0000 	C:\WINDOWS\SYSTEM32\ntdll.dll
0x00007ffecfae0000 - 0x00007ffecfb92000 	C:\WINDOWS\System32\KERNEL32.DLL
0x00007ffecd8a0000 - 0x00007ffecdb43000 	C:\WINDOWS\System32\KERNELBASE.dll
0x00007ffecdb50000 - 0x00007ffecdc4a000 	C:\WINDOWS\System32\ucrtbase.dll
0x00007ffeb5050000 - 0x00007ffeb5067000 	D:\dev\pleiades\java\11\bin\jli.dll
0x00007ffece450000 - 0x00007ffece5e4000 	C:\WINDOWS\System32\USER32.dll
0x00007ffeb5030000 - 0x00007ffeb5045000 	D:\dev\pleiades\java\11\bin\VCRUNTIME140.dll
0x00007ffecd0f0000 - 0x00007ffecd111000 	C:\WINDOWS\System32\win32u.dll
0x00007ffece6c0000 - 0x00007ffece6e6000 	C:\WINDOWS\System32\GDI32.dll
0x00007ffecdd60000 - 0x00007ffecdef4000 	C:\WINDOWS\System32\gdi32full.dll
0x00007ffecdcc0000 - 0x00007ffecdd5e000 	C:\WINDOWS\System32\msvcp_win.dll
0x00007ffebfe80000 - 0x00007ffec0105000 	C:\WINDOWS\WinSxS\amd64_microsoft.windows.common-controls_6595b64144ccf1df_6.0.18362.720_none_e6beb5c51314836b\COMCTL32.dll
0x00007ffed0020000 - 0x00007ffed00be000 	C:\WINDOWS\System32\msvcrt.dll
0x00007ffecfc30000 - 0x00007ffecff66000 	C:\WINDOWS\System32\combase.dll
0x00007ffecf920000 - 0x00007ffecfa40000 	C:\WINDOWS\System32\RPCRT4.dll
0x00007ffece100000 - 0x00007ffece180000 	C:\WINDOWS\System32\bcryptPrimitives.dll
0x00007ffecfba0000 - 0x00007ffecfbce000 	C:\WINDOWS\System32\IMM32.DLL
0x00007ffeafcd0000 - 0x00007ffeafd6b000 	D:\dev\pleiades\java\11\bin\msvcp140.dll
0x00007ffeac430000 - 0x00007ffeaceec000 	D:\dev\pleiades\java\11\bin\server\jvm.dll
0x00007ffecff70000 - 0x00007ffed0013000 	C:\WINDOWS\System32\ADVAPI32.dll
0x00007ffecfa40000 - 0x00007ffecfad7000 	C:\WINDOWS\System32\sechost.dll
0x00007ffecf2b0000 - 0x00007ffecf2b8000 	C:\WINDOWS\System32\PSAPI.DLL
0x00007ffecbad0000 - 0x00007ffecbad9000 	C:\WINDOWS\SYSTEM32\WSOCK32.dll
0x00007ffecac80000 - 0x00007ffecaca4000 	C:\WINDOWS\SYSTEM32\WINMM.dll
0x00007ffecf340000 - 0x00007ffecf3af000 	C:\WINDOWS\System32\WS2_32.dll
0x00007ffecac50000 - 0x00007ffecac7d000 	C:\WINDOWS\SYSTEM32\WINMMBASE.dll
0x00007ffebe3d0000 - 0x00007ffebe3da000 	C:\WINDOWS\SYSTEM32\VERSION.dll
0x00007ffecdc70000 - 0x00007ffecdcba000 	C:\WINDOWS\System32\cfgmgr32.dll
0x00007ffecd020000 - 0x00007ffecd031000 	C:\WINDOWS\System32\kernel.appcore.dll
0x00007ffec9570000 - 0x00007ffec9580000 	D:\dev\pleiades\java\11\bin\verify.dll
0x00007ffecb8b0000 - 0x00007ffecbaa4000 	C:\WINDOWS\SYSTEM32\DBGHELP.DLL
0x00007ffeb8290000 - 0x00007ffeb82ba000 	C:\WINDOWS\SYSTEM32\dbgcore.DLL
0x00007ffeb3610000 - 0x00007ffeb3638000 	D:\dev\pleiades\java\11\bin\java.dll
0x00007ffeb4fd0000 - 0x00007ffeb4fe6000 	D:\dev\pleiades\java\11\bin\zip.dll
0x00007ffebe4c0000 - 0x00007ffebe4ca000 	D:\dev\pleiades\java\11\bin\jimage.dll

dbghelp: loaded successfully - version: 4.0.5 - missing functions: none
symbol engine: initialized successfully - sym options: 0x614 - pdb path: .;D:\dev\pleiades\java\11\bin;C:\WINDOWS\SYSTEM32;C:\WINDOWS\WinSxS\amd64_microsoft.windows.common-controls_6595b64144ccf1df_6.0.18362.720_none_e6beb5c51314836b;D:\dev\pleiades\java\11\bin\server

VM Arguments:
jvm_args: -Dfile.encoding=UTF-8 --module-path=D:\dev\eclipse-workspace2\EBPro\bin -Djdk.module.main=EBPro 
java_command: EBPro/co.jp.chapter04.JavaChapter04
java_class_path (initial): <not set>
Launcher Type: SUN_STANDARD

[Global flags]
     intx CICompilerCount                          = 3                                         {product} {ergonomic}
     uint ConcGCThreads                            = 1                                         {product} {ergonomic}
     uint G1ConcRefinementThreads                  = 4                                         {product} {ergonomic}
   size_t G1HeapRegionSize                         = 1048576                                   {product} {ergonomic}
    uintx GCDrainStackTargetSize                   = 64                                        {product} {ergonomic}
   size_t InitialHeapSize                          = 132120576                                 {product} {ergonomic}
   size_t MarkStackSize                            = 4194304                                   {product} {ergonomic}
   size_t MaxHeapSize                              = 2111832064                                {product} {ergonomic}
   size_t MinHeapDeltaBytes                        = 1048576                                   {product} {ergonomic}
    uintx NonNMethodCodeHeapSize                   = 5830732                                {pd product} {ergonomic}
    uintx NonProfiledCodeHeapSize                  = 122913754                              {pd product} {ergonomic}
    uintx ProfiledCodeHeapSize                     = 122913754                              {pd product} {ergonomic}
    uintx ReservedCodeCacheSize                    = 251658240                              {pd product} {ergonomic}
     bool SegmentedCodeCache                       = true                                      {product} {ergonomic}
     bool UseCompressedClassPointers               = true                                 {lp64_product} {ergonomic}
     bool UseCompressedOops                        = true                                 {lp64_product} {ergonomic}
     bool UseG1GC                                  = true                                      {product} {ergonomic}
     bool UseLargePagesIndividualAllocation        = false                                  {pd product} {ergonomic}

Logging:
Log output configuration:
 #0: stdout all=warning uptime,level,tags
 #1: stderr all=off uptime,level,tags

Environment Variables:
PATH=D:/dev/pleiades/eclipse//jre/bin/server;D:/dev/pleiades/eclipse//jre/bin;C:\Program Files (x86)\Common Files\Oracle\Java\javapath;C:\Program Files (x86)\Intel\iCLS Client\;C:\Program Files\Intel\iCLS Client\;C:\WINDOWS\system32;C:\WINDOWS;C:\WINDOWS\System32\Wbem;C:\WINDOWS\System32\WindowsPowerShell\v1.0\;C:\Program Files (x86)\Intel\Intel(R) Management Engine Components\DAL;C:\Program Files\Intel\Intel(R) Management Engine Components\DAL;C:\Program Files (x86)\Intel\Intel(R) Management Engine Components\IPT;C:\Program Files\Intel\Intel(R) Management Engine Components\IPT;C:\WINDOWS\System32\OpenSSH\;C:\Program Files\Intel\WiFi\bin\;C:\Program Files\Common Files\Intel\WirelessCommon\;C:\Program Files\MySQL\MySQL Shell 8.0\bin\;C:\Users\14072\AppData\Local\Microsoft\WindowsApps;;D:\dev\pleiades\eclipse;
USERNAME=summerdeng
OS=Windows_NT
PROCESSOR_IDENTIFIER=Intel64 Family 6 Model 78 Stepping 3, GenuineIntel



---------------  S Y S T E M  ---------------

OS: Windows 10 , 64 bit Build 18362 (10.0.18362.329)
OS uptime: 4 days 7:06 hours

CPU:total 4 (initial active 4) (2 cores per cpu, 2 threads per core) family 6 model 78 stepping 3, cmov, cx8, fxsr, mmx, sse, sse2, sse3, ssse3, sse4.1, sse4.2, popcnt, avx, avx2, aes, clmul, erms, 3dnowpref, lzcnt, ht, tsc, tscinvbit, bmi1, bmi2, adx, fma

Memory: 4k page, system-wide physical 8051M (2880M free)
TotalPageFile size 11123M (AvailPageFile size 112M)
current process WorkingSet (physical memory assigned to process): 9M, peak: 9M
current process commit charge ("private bytes"): 51M, peak: 177M

vm_info: OpenJDK 64-Bit Server VM (11.0.7+10) for windows-amd64 JRE (11.0.7+10), built on Apr 22 2020 11:46:09 by "" with MS VC++ 15.9 (VS2017)

END.
